#
# There is insufficient memory for the Java Runtime Environment to continue.
# Native memory allocation (mmap) failed to map 106954752 bytes for committing reserved memory.
# Possible reasons:
#   The system is out of physical RAM or swap space
#   In 32 bit mode, the process size limit was hit
# Possible solutions:
#   Reduce memory load on the system
#   Increase physical memory or swap space
#   Check if swap backing store is full
#   Use 64 bit Java on a 64 bit OS
#   Decrease Java heap size (-Xmx/-Xms)
#   Decrease number of Java threads
#   Decrease Java thread stack sizes (-Xss)
#   Set larger code cache with -XX:ReservedCodeCacheSize=
# This output file may be truncated or incomplete.
#
#  Out of Memory Error (os_linux.cpp:2627), pid=22026, tid=140440384780032
#
# JRE version: Java(TM) SE Runtime Environment (8.0_77-b03) (build 1.8.0_77-b03)
# Java VM: Java HotSpot(TM) 64-Bit Server VM (25.77-b03 mixed mode linux-amd64 compressed oops)
# Failed to write core dump. Core dumps have been disabled. To enable core dumping, try "ulimit -c unlimited" before starting Java again
#

---------------  T H R E A D  ---------------

Current thread (0x00007fbae8078000):  VMThread [stack: 0x00007fbad32f3000,0x00007fbad33f4000] [id=22036]

Stack: [0x00007fbad32f3000,0x00007fbad33f4000],  sp=0x00007fbad33f2020,  free space=1020k
Native frames: (J=compiled Java code, j=interpreted, Vv=VM code, C=native code)
V  [libjvm.so+0xaba7ea]  VMError::report_and_die()+0x2ba
V  [libjvm.so+0x4f9e3b]  report_vm_out_of_memory(char const*, int, unsigned long, VMErrorType, char const*)+0x8b
V  [libjvm.so+0x91b613]  os::Linux::commit_memory_impl(char*, unsigned long, bool)+0x103
V  [libjvm.so+0x91bb69]  os::pd_commit_memory(char*, unsigned long, unsigned long, bool)+0x29
V  [libjvm.so+0x915e6a]  os::commit_memory(char*, unsigned long, unsigned long, bool)+0x2a
V  [libjvm.so+0x989543]  PSVirtualSpace::expand_by(unsigned long)+0x53
V  [libjvm.so+0x98a948]  PSYoungGen::resize_generation(unsigned long, unsigned long)+0xf8
V  [libjvm.so+0x989aa2]  PSYoungGen::resize(unsigned long, unsigned long)+0x22
V  [libjvm.so+0x986d7b]  PSScavenge::invoke_no_policy()+0xf3b
V  [libjvm.so+0x987501]  PSScavenge::invoke()+0x41
V  [libjvm.so+0x93f300]  ParallelScavengeHeap::failed_mem_allocate(unsigned long)+0x70
V  [libjvm.so+0xabc207]  VM_ParallelGCFailedAllocation::doit()+0x97
V  [libjvm.so+0xac3c35]  VM_Operation::evaluate()+0x55
V  [libjvm.so+0xac200a]  VMThread::evaluate_operation(VM_Operation*)+0xba
V  [libjvm.so+0xac238e]  VMThread::loop()+0x1ce
V  [libjvm.so+0xac2800]  VMThread::run()+0x70
V  [libjvm.so+0x91d9d8]  java_start(Thread*)+0x108

VM_Operation (0x00007fbaf1b4b370): ParallelGCFailedAllocation, mode: safepoint, requested by thread 0x00007fbae800a000


---------------  P R O C E S S  ---------------

Java Threads: ( => current thread )
  0x00007fbae8153000 JavaThread "pool-1-thread-4" [_thread_blocked, id=22049, stack(0x00007fbad1d94000,0x00007fbad1e95000)]
  0x00007fbae8151000 JavaThread "pool-1-thread-3" [_thread_blocked, id=22048, stack(0x00007fbad1e95000,0x00007fbad1f96000)]
  0x00007fbae814f000 JavaThread "pool-1-thread-2" [_thread_blocked, id=22047, stack(0x00007fbad1f96000,0x00007fbad2097000)]
  0x00007fbae814e000 JavaThread "pool-2-thread-1" [_thread_blocked, id=22046, stack(0x00007fbad2097000,0x00007fbad2198000)]
  0x00007fbae814b800 JavaThread "pool-1-thread-1" [_thread_blocked, id=22045, stack(0x00007fbad2198000,0x00007fbad2299000)]
  0x00007fbae80e4000 JavaThread "Service Thread" daemon [_thread_blocked, id=22043, stack(0x00007fbad239a000,0x00007fbad249b000)]
  0x00007fbae80be800 JavaThread "C1 CompilerThread2" daemon [_thread_blocked, id=22042, stack(0x00007fbad249b000,0x00007fbad259c000)]
  0x00007fbae80bd000 JavaThread "C2 CompilerThread1" daemon [_thread_blocked, id=22041, stack(0x00007fbad259c000,0x00007fbad269d000)]
  0x00007fbae80ba000 JavaThread "C2 CompilerThread0" daemon [_thread_blocked, id=22040, stack(0x00007fbad269d000,0x00007fbad279e000)]
  0x00007fbae80b8800 JavaThread "Signal Dispatcher" daemon [_thread_blocked, id=22039, stack(0x00007fbad279e000,0x00007fbad289f000)]
  0x00007fbae8084800 JavaThread "Finalizer" daemon [_thread_blocked, id=22038, stack(0x00007fbad30f1000,0x00007fbad31f2000)]
  0x00007fbae8080000 JavaThread "Reference Handler" daemon [_thread_blocked, id=22037, stack(0x00007fbad31f2000,0x00007fbad32f3000)]
  0x00007fbae800a000 JavaThread "main" [_thread_blocked, id=22031, stack(0x00007fbaf1a4d000,0x00007fbaf1b4e000)]

Other Threads:
=>0x00007fbae8078000 VMThread [stack: 0x00007fbad32f3000,0x00007fbad33f4000] [id=22036]
  0x00007fbae80ee800 WatcherThread [stack: 0x00007fbad2299000,0x00007fbad239a000] [id=22044]

VM state:at safepoint (normal execution)

VM Mutex/Monitor currently owned by a thread:  ([mutex/lock_event])
[0x00007fbae8006510] Threads_lock - owner thread: 0x00007fbae8078000
[0x00007fbae8006a10] Heap_lock - owner thread: 0x00007fbae800a000

Heap:
 PSYoungGen      total 120832K, used 27640K [0x00000000eab00000, 0x00000000f3f00000, 0x0000000100000000)
  eden space 93184K, 0% used [0x00000000eab00000,0x00000000eab00000,0x00000000f0600000)
  from space 27648K, 99% used [0x00000000f0600000,0x00000000f20fe0a8,0x00000000f2100000)
  to   space 24576K, 0% used [0x00000000f2100000,0x00000000f2100000,0x00000000f3900000)
 ParOldGen       total 62976K, used 45343K [0x00000000c0000000, 0x00000000c3d80000, 0x00000000eab00000)
  object space 62976K, 72% used [0x00000000c0000000,0x00000000c2c47fa0,0x00000000c3d80000)
 Metaspace       used 5964K, capacity 7088K, committed 7296K, reserved 1056768K
  class space    used 575K, capacity 616K, committed 640K, reserved 1048576K

Card table byte_map: [0x00007fbaee606000,0x00007fbaee807000] byte_map_base: 0x00007fbaee006000

Marking Bits: (ParMarkBitMap*) 0x00007fbaf0f1e100
 Begin Bits: [0x00007fbaec0ac000, 0x00007fbaed0ac000)
 End Bits:   [0x00007fbaed0ac000, 0x00007fbaee0ac000)

Polling page: 0x00007fbaf1b6b000

CodeCache: size=245760Kb used=6967Kb max_used=6967Kb free=238792Kb
 bounds [0x00007fbad9000000, 0x00007fbad96e0000, 0x00007fbae8000000]
 total_blobs=1933 nmethods=1671 adapters=175
 compilation: enabled

Compilation events (10 events):
Event: 8,926 Thread 0x00007fbae80be800 1799       2       com.android.dx.rop.cst.CstBaseMethodRef::<init> (31 bytes)
Event: 8,927 Thread 0x00007fbae80be800 nmethod 1799 0x00007fbad96d0c10 code [0x00007fbad96d0d80, 0x00007fbad96d0f58]
Event: 8,927 Thread 0x00007fbae80be800 1798       2       java.util.concurrent.locks.AbstractQueuedSynchronizer::compareAndSetWaitStatus (13 bytes)
Event: 8,927 Thread 0x00007fbae80be800 nmethod 1798 0x00007fbad96d1090 code [0x00007fbad96d11e0, 0x00007fbad96d1330]
Event: 8,929 Thread 0x00007fbae80be800 1800       2       com.android.dx.cf.attrib.AttLocalVariableTable::<init> (8 bytes)
Event: 8,935 Thread 0x00007fbae80be800 nmethod 1800 0x00007fbad96d1390 code [0x00007fbad96d1500, 0x00007fbad96d1688]
Event: 8,935 Thread 0x00007fbae80be800 1802 %     3       com.android.dx.cf.code.BytecodeArray::processWorkSet @ 14 (50 bytes)
Event: 8,936 Thread 0x00007fbae80be800 nmethod 1802% 0x00007fbad96d1710 code [0x00007fbad96d18e0, 0x00007fbad96d1ef8]
Event: 8,936 Thread 0x00007fbae80be800 1801       2       com.android.dx.dex.file.DexFile::internIfAppropriate (128 bytes)
Event: 8,938 Thread 0x00007fbae80be800 nmethod 1801 0x00007fbad96d2210 code [0x00007fbad96d2420, 0x00007fbad96d2af8]

GC Heap History (10 events):
Event: 4,738 GC heap after
Heap after GC invocations=2 (full 0):
 PSYoungGen      total 27648K, used 3573K [0x00000000eab00000, 0x00000000ee100000, 0x0000000100000000)
  eden space 24064K, 0% used [0x00000000eab00000,0x00000000eab00000,0x00000000ec280000)
  from space 3584K, 99% used [0x00000000ec600000,0x00000000ec97d720,0x00000000ec980000)
  to   space 3584K, 0% used [0x00000000ec280000,0x00000000ec280000,0x00000000ec600000)
 ParOldGen       total 62976K, used 5444K [0x00000000c0000000, 0x00000000c3d80000, 0x00000000eab00000)
  object space 62976K, 8% used [0x00000000c0000000,0x00000000c0551210,0x00000000c3d80000)
 Metaspace       used 5584K, capacity 6768K, committed 7040K, reserved 1056768K
  class space    used 566K, capacity 616K, committed 640K, reserved 1048576K
}
Event: 5,018 GC heap before
{Heap before GC invocations=3 (full 0):
 PSYoungGen      total 27648K, used 27637K [0x00000000eab00000, 0x00000000ee100000, 0x0000000100000000)
  eden space 24064K, 100% used [0x00000000eab00000,0x00000000ec280000,0x00000000ec280000)
  from space 3584K, 99% used [0x00000000ec600000,0x00000000ec97d720,0x00000000ec980000)
  to   space 3584K, 0% used [0x00000000ec280000,0x00000000ec280000,0x00000000ec600000)
 ParOldGen       total 62976K, used 5444K [0x00000000c0000000, 0x00000000c3d80000, 0x00000000eab00000)
  object space 62976K, 8% used [0x00000000c0000000,0x00000000c0551210,0x00000000c3d80000)
 Metaspace       used 5667K, capacity 6896K, committed 7040K, reserved 1056768K
  class space    used 571K, capacity 616K, committed 640K, reserved 1048576K
Event: 5,057 GC heap after
Heap after GC invocations=3 (full 0):
 PSYoungGen      total 27648K, used 3580K [0x00000000eab00000, 0x00000000ee100000, 0x0000000100000000)
  eden space 24064K, 0% used [0x00000000eab00000,0x00000000eab00000,0x00000000ec280000)
  from space 3584K, 99% used [0x00000000ec280000,0x00000000ec5ff3b0,0x00000000ec600000)
  to   space 3584K, 0% used [0x00000000edd80000,0x00000000edd80000,0x00000000ee100000)
 ParOldGen       total 62976K, used 10847K [0x00000000c0000000, 0x00000000c3d80000, 0x00000000eab00000)
  object space 62976K, 17% used [0x00000000c0000000,0x00000000c0a97d18,0x00000000c3d80000)
 Metaspace       used 5667K, capacity 6896K, committed 7040K, reserved 1056768K
  class space    used 571K, capacity 616K, committed 640K, reserved 1048576K
}
Event: 5,397 GC heap before
{Heap before GC invocations=4 (full 0):
 PSYoungGen      total 27648K, used 27644K [0x00000000eab00000, 0x00000000ee100000, 0x0000000100000000)
  eden space 24064K, 100% used [0x00000000eab00000,0x00000000ec280000,0x00000000ec280000)
  from space 3584K, 99% used [0x00000000ec280000,0x00000000ec5ff3b0,0x00000000ec600000)
  to   space 3584K, 0% used [0x00000000edd80000,0x00000000edd80000,0x00000000ee100000)
 ParOldGen       total 62976K, used 10847K [0x00000000c0000000, 0x00000000c3d80000, 0x00000000eab00000)
  object space 62976K, 17% used [0x00000000c0000000,0x00000000c0a97d18,0x00000000c3d80000)
 Metaspace       used 5726K, capacity 6896K, committed 7040K, reserved 1056768K
  class space    used 574K, capacity 616K, committed 640K, reserved 1048576K
Event: 5,444 GC heap after
Heap after GC invocations=4 (full 0):
 PSYoungGen      total 51712K, used 3563K [0x00000000eab00000, 0x00000000ee100000, 0x0000000100000000)
  eden space 48128K, 0% used [0x00000000eab00000,0x00000000eab00000,0x00000000eda00000)
  from space 3584K, 99% used [0x00000000edd80000,0x00000000ee0faf78,0x00000000ee100000)
  to   space 3584K, 0% used [0x00000000eda00000,0x00000000eda00000,0x00000000edd80000)
 ParOldGen       total 62976K, used 16578K [0x00000000c0000000, 0x00000000c3d80000, 0x00000000eab00000)
  object space 62976K, 26% used [0x00000000c0000000,0x00000000c10309b8,0x00000000c3d80000)
 Metaspace       used 5726K, capacity 6896K, committed 7040K, reserved 1056768K
  class space    used 574K, capacity 616K, committed 640K, reserved 1048576K
}
Event: 5,753 GC heap before
{Heap before GC invocations=5 (full 0):
 PSYoungGen      total 51712K, used 51691K [0x00000000eab00000, 0x00000000ee100000, 0x0000000100000000)
  eden space 48128K, 100% used [0x00000000eab00000,0x00000000eda00000,0x00000000eda00000)
  from space 3584K, 99% used [0x00000000edd80000,0x00000000ee0faf78,0x00000000ee100000)
  to   space 3584K, 0% used [0x00000000eda00000,0x00000000eda00000,0x00000000edd80000)
 ParOldGen       total 62976K, used 16578K [0x00000000c0000000, 0x00000000c3d80000, 0x00000000eab00000)
  object space 62976K, 26% used [0x00000000c0000000,0x00000000c10309b8,0x00000000c3d80000)
 Metaspace       used 5769K, capacity 6960K, committed 7040K, reserved 1056768K
  class space    used 574K, capacity 616K, committed 640K, reserved 1048576K
Event: 6,388 GC heap after
Heap after GC invocations=5 (full 0):
 PSYoungGen      total 51712K, used 3573K [0x00000000eab00000, 0x00000000f3900000, 0x0000000100000000)
  eden space 48128K, 0% used [0x00000000eab00000,0x00000000eab00000,0x00000000eda00000)
  from space 3584K, 99% used [0x00000000eda00000,0x00000000edd7d450,0x00000000edd80000)
  to   space 24576K, 0% used [0x00000000f2100000,0x00000000f2100000,0x00000000f3900000)
 ParOldGen       total 62976K, used 41457K [0x00000000c0000000, 0x00000000c3d80000, 0x00000000eab00000)
  object space 62976K, 65% used [0x00000000c0000000,0x00000000c287c748,0x00000000c3d80000)
 Metaspace       used 5769K, capacity 6960K, committed 7040K, reserved 1056768K
  class space    used 574K, capacity 616K, committed 640K, reserved 1048576K
}
Event: 7,529 GC heap before
{Heap before GC invocations=6 (full 0):
 PSYoungGen      total 51712K, used 51701K [0x00000000eab00000, 0x00000000f3900000, 0x0000000100000000)
  eden space 48128K, 100% used [0x00000000eab00000,0x00000000eda00000,0x00000000eda00000)
  from space 3584K, 99% used [0x00000000eda00000,0x00000000edd7d450,0x00000000edd80000)
  to   space 24576K, 0% used [0x00000000f2100000,0x00000000f2100000,0x00000000f3900000)
 ParOldGen       total 62976K, used 41457K [0x00000000c0000000, 0x00000000c3d80000, 0x00000000eab00000)
  object space 62976K, 65% used [0x00000000c0000000,0x00000000c287c748,0x00000000c3d80000)
 Metaspace       used 5793K, capacity 6960K, committed 7040K, reserved 1056768K
  class space    used 575K, capacity 616K, committed 640K, reserved 1048576K
Event: 7,629 GC heap after
Heap after GC invocations=6 (full 0):
 PSYoungGen      total 117760K, used 20501K [0x00000000eab00000, 0x00000000f3f00000, 0x0000000100000000)
  eden space 93184K, 0% used [0x00000000eab00000,0x00000000eab00000,0x00000000f0600000)
  from space 24576K, 83% used [0x00000000f2100000,0x00000000f3505778,0x00000000f3900000)
  to   space 27648K, 0% used [0x00000000f0600000,0x00000000f0600000,0x00000000f2100000)
 ParOldGen       total 62976K, used 41457K [0x00000000c0000000, 0x00000000c3d80000, 0x00000000eab00000)
  object space 62976K, 65% used [0x00000000c0000000,0x00000000c287c748,0x00000000c3d80000)
 Metaspace       used 5793K, capacity 6960K, committed 7040K, reserved 1056768K
  class space    used 575K, capacity 616K, committed 640K, reserved 1048576K
}
Event: 8,948 GC heap before
{Heap before GC invocations=7 (full 0):
 PSYoungGen      total 117760K, used 113685K [0x00000000eab00000, 0x00000000f3f00000, 0x0000000100000000)
  eden space 93184K, 100% used [0x00000000eab00000,0x00000000f0600000,0x00000000f0600000)
  from space 24576K, 83% used [0x00000000f2100000,0x00000000f3505778,0x00000000f3900000)
  to   space 27648K, 0% used [0x00000000f0600000,0x00000000f0600000,0x00000000f2100000)
 ParOldGen       total 62976K, used 41457K [0x00000000c0000000, 0x00000000c3d80000, 0x00000000eab00000)
  object space 62976K, 65% used [0x00000000c0000000,0x00000000c287c748,0x00000000c3d80000)
 Metaspace       used 5964K, capacity 7088K, committed 7296K, reserved 1056768K
  class space    used 575K, capacity 616K, committed 640K, reserved 1048576K

Deoptimization events (10 events):
Event: 5,476 Thread 0x00007fbae800a000 Uncommon trap: reason=class_check action=maybe_recompile pc=0x00007fbad9448e88 method=com.android.dx.ssa.NormalSsaInsn.accept(Lcom/android/dx/ssa/SsaInsn$Visitor;)V @ 9
Event: 6,664 Thread 0x00007fbae8151000 Uncommon trap: reason=class_check action=maybe_recompile pc=0x00007fbad9448e88 method=com.android.dx.ssa.NormalSsaInsn.accept(Lcom/android/dx/ssa/SsaInsn$Visitor;)V @ 9
Event: 6,664 Thread 0x00007fbae8151000 Uncommon trap: reason=class_check action=maybe_recompile pc=0x00007fbad9448e88 method=com.android.dx.ssa.NormalSsaInsn.accept(Lcom/android/dx/ssa/SsaInsn$Visitor;)V @ 9
Event: 7,684 Thread 0x00007fbae814b800 Uncommon trap: reason=unstable_if action=reinterpret pc=0x00007fbad9324774 method=com.android.dx.ssa.SetFactory.makeLivenessSet(I)Lcom/android/dx/util/IntSet; @ 4
Event: 7,687 Thread 0x00007fbae814b800 Uncommon trap: reason=unstable_if action=reinterpret pc=0x00007fbad9386e44 method=com.android.dx.util.IntList.binarysearch(I)I @ 105
Event: 7,781 Thread 0x00007fbae8151000 Uncommon trap: reason=unstable_if action=reinterpret pc=0x00007fbad9582154 method=com.android.dx.cf.code.ByteCatchList.listFor(I)Lcom/android/dx/cf/code/ByteCatchList; @ 19
Event: 7,835 Thread 0x00007fbae8153000 Uncommon trap: reason=unstable_if action=reinterpret pc=0x00007fbad938682c method=com.android.dx.dex.code.OutputFinisher.hasLocalInfo(Lcom/android/dx/dex/code/DalvInsn;)Z @ 24
Event: 7,837 Thread 0x00007fbae8153000 Uncommon trap: reason=unstable_if action=reinterpret pc=0x00007fbad9545c38 method=com.android.dx.ssa.SsaMethod.isRegALocal(Lcom/android/dx/rop/code/RegisterSpec;)Z @ 80
Event: 7,879 Thread 0x00007fbae8151000 Uncommon trap: reason=unstable_if action=reinterpret pc=0x00007fbad93d6a14 method=java.util.HashMap.putVal(ILjava/lang/Object;Ljava/lang/Object;ZZ)Ljava/lang/Object; @ 94
Event: 8,259 Thread 0x00007fbae8151000 Uncommon trap: reason=unstable_if action=reinterpret pc=0x00007fbad95aa18c method=com.android.dx.rop.code.RegisterSpec.equals(ILcom/android/dx/rop/type/TypeBearer;Lcom/android/dx/rop/code/LocalItem;)Z @ 24

Internal exceptions (2 events):
Event: 0,492 Thread 0x00007fbae800a000 Exception <a 'java/lang/NoSuchMethodError': Method sun.misc.Unsafe.defineClass(Ljava/lang/String;[BII)Ljava/lang/Class; name or signature does not match> (0x00000000eab07cc0) thrown at [/HUDSON/workspace/8-2-build-linux-amd64/jdk8u77/6540/hotspot/src/shar
Event: 0,507 Thread 0x00007fbae800a000 Exception <a 'java/lang/NoSuchMethodError': Method sun.misc.Unsafe.prefetchRead(Ljava/lang/Object;J)V name or signature does not match> (0x00000000eab07fa8) thrown at [/HUDSON/workspace/8-2-build-linux-amd64/jdk8u77/6540/hotspot/src/share/vm/prims/jni.cpp

Events (10 events):
Event: 8,767 Thread 0x00007fbae800a000 DEOPT UNPACKING pc=0x00007fbad9047633 sp=0x00007fbaf1b4b350 mode 0
Event: 8,877 Thread 0x00007fbae8151000 DEOPT PACKING pc=0x00007fbad93e8395 sp=0x00007fbad1f93d70
Event: 8,877 Thread 0x00007fbae8151000 DEOPT UNPACKING pc=0x00007fbad9047633 sp=0x00007fbad1f93b70 mode 0
Event: 8,879 Thread 0x00007fbae8151000 DEOPT PACKING pc=0x00007fbad957893a sp=0x00007fbad1f93fb0
Event: 8,879 Thread 0x00007fbae8151000 DEOPT UNPACKING pc=0x00007fbad9047633 sp=0x00007fbad1f93d98 mode 0
Event: 8,929 Thread 0x00007fbae800a000 DEOPT PACKING pc=0x00007fbad911c10a sp=0x00007fbaf1b4b530
Event: 8,929 Thread 0x00007fbae800a000 DEOPT UNPACKING pc=0x00007fbad9047633 sp=0x00007fbaf1b4b280 mode 0
Event: 8,939 Thread 0x00007fbae814f000 DEOPT PACKING pc=0x00007fbad93e8395 sp=0x00007fbad2094d10
Event: 8,939 Thread 0x00007fbae814f000 DEOPT UNPACKING pc=0x00007fbad9047633 sp=0x00007fbad2094b10 mode 0
Event: 8,948 Executing VM operation: ParallelGCFailedAllocation


Dynamic libraries:
00400000-00401000 r-xp 00000000 08:08 528435                             /usr/lib/jvm/java-8-oracle/bin/java
00600000-00601000 rw-p 00000000 08:08 528435                             /usr/lib/jvm/java-8-oracle/bin/java
02079000-0209a000 rw-p 00000000 00:00 0                                  [heap]
c0000000-c3d80000 rw-p 00000000 00:00 0 
c3d80000-eab00000 ---p 00000000 00:00 0 
eab00000-f3f00000 rw-p 00000000 00:00 0 
fa500000-100000000 ---p 00000000 00:00 0 
100000000-1000a0000 rw-p 00000000 00:00 0 
1000a0000-140000000 ---p 00000000 00:00 0 
7fba8c000000-7fba8c021000 rw-p 00000000 00:00 0 
7fba8c021000-7fba90000000 ---p 00000000 00:00 0 
7fba90000000-7fba90026000 rw-p 00000000 00:00 0 
7fba90026000-7fba94000000 ---p 00000000 00:00 0 
7fba94000000-7fba94021000 rw-p 00000000 00:00 0 
7fba94021000-7fba98000000 ---p 00000000 00:00 0 
7fba98000000-7fba98068000 rw-p 00000000 00:00 0 
7fba98068000-7fba9c000000 ---p 00000000 00:00 0 
7fba9c000000-7fba9c021000 rw-p 00000000 00:00 0 
7fba9c021000-7fbaa0000000 ---p 00000000 00:00 0 
7fbaa0000000-7fbaa0055000 rw-p 00000000 00:00 0 
7fbaa0055000-7fbaa4000000 ---p 00000000 00:00 0 
7fbaa4000000-7fbaa4954000 rw-p 00000000 00:00 0 
7fbaa4954000-7fbaa8000000 ---p 00000000 00:00 0 
7fbaa8000000-7fbaa8021000 rw-p 00000000 00:00 0 
7fbaa8021000-7fbaac000000 ---p 00000000 00:00 0 
7fbaac000000-7fbaacc80000 rw-p 00000000 00:00 0 
7fbaacc80000-7fbab0000000 ---p 00000000 00:00 0 
7fbab0000000-7fbab0bb1000 rw-p 00000000 00:00 0 
7fbab0bb1000-7fbab4000000 ---p 00000000 00:00 0 
7fbab4000000-7fbab4021000 rw-p 00000000 00:00 0 
7fbab4021000-7fbab8000000 ---p 00000000 00:00 0 
7fbab8000000-7fbab8021000 rw-p 00000000 00:00 0 
7fbab8021000-7fbabc000000 ---p 00000000 00:00 0 
7fbabc000000-7fbabc28c000 rw-p 00000000 00:00 0 
7fbabc28c000-7fbac0000000 ---p 00000000 00:00 0 
7fbac0000000-7fbac0021000 rw-p 00000000 00:00 0 
7fbac0021000-7fbac4000000 ---p 00000000 00:00 0 
7fbac4000000-7fbac4021000 rw-p 00000000 00:00 0 
7fbac4021000-7fbac8000000 ---p 00000000 00:00 0 
7fbac8000000-7fbac8021000 rw-p 00000000 00:00 0 
7fbac8021000-7fbacc000000 ---p 00000000 00:00 0 
7fbacc000000-7fbacc021000 rw-p 00000000 00:00 0 
7fbacc021000-7fbad0000000 ---p 00000000 00:00 0 
7fbad1d94000-7fbad1d97000 ---p 00000000 00:00 0 
7fbad1d97000-7fbad1e95000 rw-p 00000000 00:00 0                          [stack:22049]
7fbad1e95000-7fbad1e98000 ---p 00000000 00:00 0 
7fbad1e98000-7fbad1f96000 rw-p 00000000 00:00 0                          [stack:22048]
7fbad1f96000-7fbad1f99000 ---p 00000000 00:00 0 
7fbad1f99000-7fbad2097000 rw-p 00000000 00:00 0                          [stack:22047]
7fbad2097000-7fbad209a000 ---p 00000000 00:00 0 
7fbad209a000-7fbad2198000 rw-p 00000000 00:00 0                          [stack:22046]
7fbad2198000-7fbad219b000 ---p 00000000 00:00 0 
7fbad219b000-7fbad2299000 rw-p 00000000 00:00 0                          [stack:22045]
7fbad2299000-7fbad229a000 ---p 00000000 00:00 0 
7fbad229a000-7fbad239a000 rw-p 00000000 00:00 0                          [stack:22044]
7fbad239a000-7fbad239d000 ---p 00000000 00:00 0 
7fbad239d000-7fbad249b000 rw-p 00000000 00:00 0                          [stack:22043]
7fbad249b000-7fbad249e000 ---p 00000000 00:00 0 
7fbad249e000-7fbad259c000 rw-p 00000000 00:00 0                          [stack:22042]
7fbad259c000-7fbad259f000 ---p 00000000 00:00 0 
7fbad259f000-7fbad269d000 rw-p 00000000 00:00 0                          [stack:22041]
7fbad269d000-7fbad26a0000 ---p 00000000 00:00 0 
7fbad26a0000-7fbad279e000 rw-p 00000000 00:00 0                          [stack:22040]
7fbad279e000-7fbad27a1000 ---p 00000000 00:00 0 
7fbad27a1000-7fbad289f000 rw-p 00000000 00:00 0                          [stack:22039]
7fbad289f000-7fbad30f1000 r--p 00000000 08:08 658813                     /usr/lib/locale/locale-archive
7fbad30f1000-7fbad30f4000 ---p 00000000 00:00 0 
7fbad30f4000-7fbad31f2000 rw-p 00000000 00:00 0                          [stack:22038]
7fbad31f2000-7fbad31f5000 ---p 00000000 00:00 0 
7fbad31f5000-7fbad32f3000 rw-p 00000000 00:00 0                          [stack:22037]
7fbad32f3000-7fbad32f4000 ---p 00000000 00:00 0 
7fbad32f4000-7fbad4000000 rw-p 00000000 00:00 0                          [stack:22036]
7fbad4000000-7fbad4021000 rw-p 00000000 00:00 0 
7fbad4021000-7fbad8000000 ---p 00000000 00:00 0 
7fbad8094000-7fbad8428000 rw-p 00000000 00:00 0 
7fbad8428000-7fbad8600000 r--s 03d1e000 08:08 529928                     /usr/lib/jvm/java-8-oracle/jre/lib/rt.jar
7fbad8600000-7fbad8c80000 rw-p 00000000 00:00 0 
7fbad8c80000-7fbad8e00000 ---p 00000000 00:00 0 
7fbad8e00000-7fbad9000000 rw-p 00000000 00:00 0 
7fbad9000000-7fbad96e0000 rwxp 00000000 00:00 0 
7fbad96e0000-7fbae8000000 ---p 00000000 00:00 0 
7fbae8000000-7fbae83b5000 rw-p 00000000 00:00 0 
7fbae83b5000-7fbaec000000 ---p 00000000 00:00 0 
7fbaec015000-7fbaee0ac000 rw-p 00000000 00:00 0 
7fbaee0ac000-7fbaee0ad000 ---p 00000000 00:00 0 
7fbaee0ad000-7fbaee1ad000 rw-p 00000000 00:00 0                          [stack:22035]
7fbaee1ad000-7fbaee1ae000 ---p 00000000 00:00 0 
7fbaee1ae000-7fbaee2ae000 rw-p 00000000 00:00 0                          [stack:22034]
7fbaee2ae000-7fbaee2af000 ---p 00000000 00:00 0 
7fbaee2af000-7fbaee3af000 rw-p 00000000 00:00 0                          [stack:22033]
7fbaee3af000-7fbaee3b0000 ---p 00000000 00:00 0 
7fbaee3b0000-7fbaee4cf000 rw-p 00000000 00:00 0                          [stack:22032]
7fbaee4cf000-7fbaee606000 ---p 00000000 00:00 0 
7fbaee606000-7fbaee625000 rw-p 00000000 00:00 0 
7fbaee625000-7fbaee75b000 ---p 00000000 00:00 0 
7fbaee75b000-7fbaee7a6000 rw-p 00000000 00:00 0 
7fbaee7a6000-7fbaee806000 ---p 00000000 00:00 0 
7fbaee806000-7fbaee823000 rw-p 00000000 00:00 0 
7fbaee823000-7fbaeebc7000 ---p 00000000 00:00 0 
7fbaeebc7000-7fbaeebe1000 r-xp 00000000 08:08 530138                     /usr/lib/jvm/java-8-oracle/jre/lib/amd64/libzip.so
7fbaeebe1000-7fbaeede1000 ---p 0001a000 08:08 530138                     /usr/lib/jvm/java-8-oracle/jre/lib/amd64/libzip.so
7fbaeede1000-7fbaeede2000 rw-p 0001a000 08:08 530138                     /usr/lib/jvm/java-8-oracle/jre/lib/amd64/libzip.so
7fbaeede2000-7fbaeedee000 r-xp 00000000 08:08 398737                     /lib/x86_64-linux-gnu/libnss_files-2.21.so
7fbaeedee000-7fbaeefed000 ---p 0000c000 08:08 398737                     /lib/x86_64-linux-gnu/libnss_files-2.21.so
7fbaeefed000-7fbaeefee000 r--p 0000b000 08:08 398737                     /lib/x86_64-linux-gnu/libnss_files-2.21.so
7fbaeefee000-7fbaeefef000 rw-p 0000c000 08:08 398737                     /lib/x86_64-linux-gnu/libnss_files-2.21.so
7fbaeefef000-7fbaeeffa000 r-xp 00000000 08:08 399092                     /lib/x86_64-linux-gnu/libnss_nis-2.21.so
7fbaeeffa000-7fbaef1f9000 ---p 0000b000 08:08 399092                     /lib/x86_64-linux-gnu/libnss_nis-2.21.so
7fbaef1f9000-7fbaef1fa000 r--p 0000a000 08:08 399092                     /lib/x86_64-linux-gnu/libnss_nis-2.21.so
7fbaef1fa000-7fbaef1fb000 rw-p 0000b000 08:08 399092                     /lib/x86_64-linux-gnu/libnss_nis-2.21.so
7fbaef1fb000-7fbaef212000 r-xp 00000000 08:08 399086                     /lib/x86_64-linux-gnu/libnsl-2.21.so
7fbaef212000-7fbaef411000 ---p 00017000 08:08 399086                     /lib/x86_64-linux-gnu/libnsl-2.21.so
7fbaef411000-7fbaef412000 r--p 00016000 08:08 399086                     /lib/x86_64-linux-gnu/libnsl-2.21.so
7fbaef412000-7fbaef413000 rw-p 00017000 08:08 399086                     /lib/x86_64-linux-gnu/libnsl-2.21.so
7fbaef413000-7fbaef415000 rw-p 00000000 00:00 0 
7fbaef415000-7fbaef41d000 r-xp 00000000 08:08 399082                     /lib/x86_64-linux-gnu/libnss_compat-2.21.so
7fbaef41d000-7fbaef61c000 ---p 00008000 08:08 399082                     /lib/x86_64-linux-gnu/libnss_compat-2.21.so
7fbaef61c000-7fbaef61d000 r--p 00007000 08:08 399082                     /lib/x86_64-linux-gnu/libnss_compat-2.21.so
7fbaef61d000-7fbaef61e000 rw-p 00008000 08:08 399082                     /lib/x86_64-linux-gnu/libnss_compat-2.21.so
7fbaef61e000-7fbaef648000 r-xp 00000000 08:08 530133                     /usr/lib/jvm/java-8-oracle/jre/lib/amd64/libjava.so
7fbaef648000-7fbaef848000 ---p 0002a000 08:08 530133                     /usr/lib/jvm/java-8-oracle/jre/lib/amd64/libjava.so
7fbaef848000-7fbaef84a000 rw-p 0002a000 08:08 530133                     /usr/lib/jvm/java-8-oracle/jre/lib/amd64/libjava.so
7fbaef84a000-7fbaef857000 r-xp 00000000 08:08 530137                     /usr/lib/jvm/java-8-oracle/jre/lib/amd64/libverify.so
7fbaef857000-7fbaefa57000 ---p 0000d000 08:08 530137                     /usr/lib/jvm/java-8-oracle/jre/lib/amd64/libverify.so
7fbaefa57000-7fbaefa59000 rw-p 0000d000 08:08 530137                     /usr/lib/jvm/java-8-oracle/jre/lib/amd64/libverify.so
7fbaefa59000-7fbaefa60000 r-xp 00000000 08:08 398644                     /lib/x86_64-linux-gnu/librt-2.21.so
7fbaefa60000-7fbaefc5f000 ---p 00007000 08:08 398644                     /lib/x86_64-linux-gnu/librt-2.21.so
7fbaefc5f000-7fbaefc60000 r--p 00006000 08:08 398644                     /lib/x86_64-linux-gnu/librt-2.21.so
7fbaefc60000-7fbaefc61000 rw-p 00007000 08:08 398644                     /lib/x86_64-linux-gnu/librt-2.21.so
7fbaefc61000-7fbaefd68000 r-xp 00000000 08:08 399094                     /lib/x86_64-linux-gnu/libm-2.21.so
7fbaefd68000-7fbaeff67000 ---p 00107000 08:08 399094                     /lib/x86_64-linux-gnu/libm-2.21.so
7fbaeff67000-7fbaeff68000 r--p 00106000 08:08 399094                     /lib/x86_64-linux-gnu/libm-2.21.so
7fbaeff68000-7fbaeff69000 rw-p 00107000 08:08 399094                     /lib/x86_64-linux-gnu/libm-2.21.so
7fbaeff69000-7fbaf0c28000 r-xp 00000000 08:08 530116                     /usr/lib/jvm/java-8-oracle/jre/lib/amd64/server/libjvm.so
7fbaf0c28000-7fbaf0e27000 ---p 00cbf000 08:08 530116                     /usr/lib/jvm/java-8-oracle/jre/lib/amd64/server/libjvm.so
7fbaf0e27000-7fbaf0f00000 rw-p 00cbe000 08:08 530116                     /usr/lib/jvm/java-8-oracle/jre/lib/amd64/server/libjvm.so
7fbaf0f00000-7fbaf0f49000 rw-p 00000000 00:00 0 
7fbaf0f49000-7fbaf1109000 r-xp 00000000 08:08 399095                     /lib/x86_64-linux-gnu/libc-2.21.so
7fbaf1109000-7fbaf1309000 ---p 001c0000 08:08 399095                     /lib/x86_64-linux-gnu/libc-2.21.so
7fbaf1309000-7fbaf130d000 r--p 001c0000 08:08 399095                     /lib/x86_64-linux-gnu/libc-2.21.so
7fbaf130d000-7fbaf130f000 rw-p 001c4000 08:08 399095                     /lib/x86_64-linux-gnu/libc-2.21.so
7fbaf130f000-7fbaf1313000 rw-p 00000000 00:00 0 
7fbaf1313000-7fbaf1316000 r-xp 00000000 08:08 399091                     /lib/x86_64-linux-gnu/libdl-2.21.so
7fbaf1316000-7fbaf1515000 ---p 00003000 08:08 399091                     /lib/x86_64-linux-gnu/libdl-2.21.so
7fbaf1515000-7fbaf1516000 r--p 00002000 08:08 399091                     /lib/x86_64-linux-gnu/libdl-2.21.so
7fbaf1516000-7fbaf1517000 rw-p 00003000 08:08 399091                     /lib/x86_64-linux-gnu/libdl-2.21.so
7fbaf1517000-7fbaf152c000 r-xp 00000000 08:08 529796                     /usr/lib/jvm/java-8-oracle/lib/amd64/jli/libjli.so
7fbaf152c000-7fbaf172c000 ---p 00015000 08:08 529796                     /usr/lib/jvm/java-8-oracle/lib/amd64/jli/libjli.so
7fbaf172c000-7fbaf172d000 rw-p 00015000 08:08 529796                     /usr/lib/jvm/java-8-oracle/lib/amd64/jli/libjli.so
7fbaf172d000-7fbaf1745000 r-xp 00000000 08:08 398727                     /lib/x86_64-linux-gnu/libpthread-2.21.so
7fbaf1745000-7fbaf1945000 ---p 00018000 08:08 398727                     /lib/x86_64-linux-gnu/libpthread-2.21.so
7fbaf1945000-7fbaf1946000 r--p 00018000 08:08 398727                     /lib/x86_64-linux-gnu/libpthread-2.21.so
7fbaf1946000-7fbaf1947000 rw-p 00019000 08:08 398727                     /lib/x86_64-linux-gnu/libpthread-2.21.so
7fbaf1947000-7fbaf194b000 rw-p 00000000 00:00 0 
7fbaf194b000-7fbaf196f000 r-xp 00000000 08:08 399089                     /lib/x86_64-linux-gnu/ld-2.21.so
7fbaf1974000-7fbaf1a4d000 rw-p 00000000 00:00 0 
7fbaf1a4d000-7fbaf1a50000 ---p 00000000 00:00 0 
7fbaf1a50000-7fbaf1b52000 rw-p 00000000 00:00 0                          [stack:22031]
7fbaf1b53000-7fbaf1b54000 rw-p 00000000 00:00 0 
7fbaf1b54000-7fbaf1b62000 r--s 000e0000 08:08 399720                     /home/phamngoctuan/Android/Sdk/build-tools/24.0.0-preview/lib/dx.jar
7fbaf1b62000-7fbaf1b6a000 rw-s 00000000 08:08 393207                     /tmp/hsperfdata_phamngoctuan/22026
7fbaf1b6a000-7fbaf1b6b000 rw-p 00000000 00:00 0 
7fbaf1b6b000-7fbaf1b6c000 ---p 00000000 00:00 0 
7fbaf1b6c000-7fbaf1b6e000 rw-p 00000000 00:00 0 
7fbaf1b6e000-7fbaf1b6f000 r--p 00023000 08:08 399089                     /lib/x86_64-linux-gnu/ld-2.21.so
7fbaf1b6f000-7fbaf1b70000 rw-p 00024000 08:08 399089                     /lib/x86_64-linux-gnu/ld-2.21.so
7fbaf1b70000-7fbaf1b71000 rw-p 00000000 00:00 0 
7ffd1f39c000-7ffd1f3bd000 rw-p 00000000 00:00 0                          [stack]
7ffd1f3f1000-7ffd1f3f3000 r--p 00000000 00:00 0                          [vvar]
7ffd1f3f3000-7ffd1f3f5000 r-xp 00000000 00:00 0                          [vdso]
ffffffffff600000-ffffffffff601000 r-xp 00000000 00:00 0                  [vsyscall]

VM Arguments:
jvm_args: -Djava.awt.headless=true -Xmx1024M -Dfile.encoding=UTF-8 -Duser.country=US -Duser.language=en -Duser.variant 
java_command: com.android.dx.command.Main --dex --force-jumbo --num-threads=4 --output /home/phamngoctuan/AndroidStudioProjects/MidtermProject2/app/build/intermediates/pre-dexed/debug/main_52c297de8ed0b960c57859970890bb3d3a209203.jar /home/phamngoctuan/AndroidStudioProjects/MidtermProject2/app/build/intermediates/transforms/instantRun/debug/folders/1/5/main
java_class_path (initial): /home/phamngoctuan/Android/Sdk/build-tools/24.0.0-preview/lib/dx.jar
Launcher Type: SUN_STANDARD

Environment Variables:
PATH=/home/phamngoctuan/anaconda2/bin:/usr/local/sbin:/usr/local/bin:/usr/sbin:/usr/bin:/sbin:/bin:/usr/games:/usr/local/games
LD_LIBRARY_PATH=/opt/android-studio/bin:
SHELL=/bin/bash
DISPLAY=:0

Signal Handlers:
SIGSEGV: [libjvm.so+0xabb070], sa_mask[0]=11111111011111111101111111111110, sa_flags=SA_RESTART|SA_SIGINFO
SIGBUS: [libjvm.so+0xabb070], sa_mask[0]=11111111011111111101111111111110, sa_flags=SA_RESTART|SA_SIGINFO
SIGFPE: [libjvm.so+0x918480], sa_mask[0]=11111111011111111101111111111110, sa_flags=SA_RESTART|SA_SIGINFO
SIGPIPE: [libjvm.so+0x918480], sa_mask[0]=11111111011111111101111111111110, sa_flags=SA_RESTART|SA_SIGINFO
SIGXFSZ: [libjvm.so+0x918480], sa_mask[0]=11111111011111111101111111111110, sa_flags=SA_RESTART|SA_SIGINFO
SIGILL: [libjvm.so+0x918480], sa_mask[0]=11111111011111111101111111111110, sa_flags=SA_RESTART|SA_SIGINFO
SIGUSR1: SIG_DFL, sa_mask[0]=00000000000000000000000000000000, sa_flags=none
SIGUSR2: [libjvm.so+0x919ab0], sa_mask[0]=00100000000000000000000000000000, sa_flags=SA_RESTART|SA_SIGINFO
SIGHUP: [libjvm.so+0x91aeb0], sa_mask[0]=11111111011111111101111111111110, sa_flags=SA_RESTART|SA_SIGINFO
SIGINT: [libjvm.so+0x91aeb0], sa_mask[0]=11111111011111111101111111111110, sa_flags=SA_RESTART|SA_SIGINFO
SIGTERM: [libjvm.so+0x91aeb0], sa_mask[0]=11111111011111111101111111111110, sa_flags=SA_RESTART|SA_SIGINFO
SIGQUIT: [libjvm.so+0x91aeb0], sa_mask[0]=11111111011111111101111111111110, sa_flags=SA_RESTART|SA_SIGINFO


---------------  S Y S T E M  ---------------

OS:DISTRIB_ID=Ubuntu
DISTRIB_RELEASE=15.10
DISTRIB_CODENAME=wily
DISTRIB_DESCRIPTION="Ubuntu 15.10"

uname:Linux 4.2.0-35-generic #40-Ubuntu SMP Tue Mar 15 22:15:45 UTC 2016 x86_64
libc:glibc 2.21 NPTL 2.21 
rlimit: STACK 8192k, CORE 0k, NPROC 23273, NOFILE 65536, AS infinity
load average:1,67 1,52 1,42

/proc/meminfo:
MemTotal:        5994636 kB
MemFree:           45880 kB
MemAvailable:      99252 kB
Buffers:            1900 kB
Cached:          1404476 kB
SwapCached:        12956 kB
Active:          3430356 kB
Inactive:        1068852 kB
Active(anon):    3415264 kB
Inactive(anon):  1057328 kB
Active(file):      15092 kB
Inactive(file):    11524 kB
Unevictable:          52 kB
Mlocked:              52 kB
SwapTotal:       7999484 kB
SwapFree:              4 kB
Dirty:                64 kB
Writeback:             0 kB
AnonPages:       3080112 kB
Mapped:          2108060 kB
Shmem:           1379656 kB
Slab:             132608 kB
SReclaimable:      63116 kB
SUnreclaim:        69492 kB
KernelStack:       10640 kB
PageTables:        51484 kB
NFS_Unstable:          0 kB
Bounce:                0 kB
WritebackTmp:          0 kB
CommitLimit:    10996800 kB
Committed_AS:   16800404 kB
VmallocTotal:   34359738367 kB
VmallocUsed:      378116 kB
VmallocChunk:   34358947836 kB
HardwareCorrupted:     0 kB
AnonHugePages:   1120256 kB
CmaTotal:              0 kB
CmaFree:               0 kB
HugePages_Total:       0
HugePages_Free:        0
HugePages_Rsvd:        0
HugePages_Surp:        0
Hugepagesize:       2048 kB
DirectMap4k:      241840 kB
DirectMap2M:     5933056 kB


CPU:total 4 (2 cores per cpu, 2 threads per core) family 6 model 58 stepping 9, cmov, cx8, fxsr, mmx, sse, sse2, sse3, ssse3, sse4.1, sse4.2, popcnt, avx, clmul, erms, ht, tsc, tscinvbit, tscinv

/proc/cpuinfo:
processor	: 0
vendor_id	: GenuineIntel
cpu family	: 6
model		: 58
model name	: Intel(R) Core(TM) i3-3217U CPU @ 1.80GHz
stepping	: 9
microcode	: 0x15
cpu MHz		: 1749.164
cache size	: 3072 KB
physical id	: 0
siblings	: 4
core id		: 0
cpu cores	: 2
apicid		: 0
initial apicid	: 0
fpu		: yes
fpu_exception	: yes
cpuid level	: 13
wp		: yes
flags		: fpu vme de pse tsc msr pae mce cx8 apic sep mtrr pge mca cmov pat pse36 clflush dts acpi mmx fxsr sse sse2 ss ht tm pbe syscall nx rdtscp lm constant_tsc arch_perfmon pebs bts rep_good nopl xtopology nonstop_tsc aperfmperf eagerfpu pni pclmulqdq dtes64 monitor ds_cpl vmx est tm2 ssse3 cx16 xtpr pdcm pcid sse4_1 sse4_2 x2apic popcnt tsc_deadline_timer xsave avx f16c lahf_lm ida arat epb pln pts dtherm tpr_shadow vnmi flexpriority ept vpid fsgsbase smep erms xsaveopt
bugs		:
bogomips	: 3591.86
clflush size	: 64
cache_alignment	: 64
address sizes	: 36 bits physical, 48 bits virtual
power management:

processor	: 1
vendor_id	: GenuineIntel
cpu family	: 6
model		: 58
model name	: Intel(R) Core(TM) i3-3217U CPU @ 1.80GHz
stepping	: 9
microcode	: 0x15
cpu MHz		: 1539.210
cache size	: 3072 KB
physical id	: 0
siblings	: 4
core id		: 1
cpu cores	: 2
apicid		: 2
initial apicid	: 2
fpu		: yes
fpu_exception	: yes
cpuid level	: 13
wp		: yes
flags		: fpu vme de pse tsc msr pae mce cx8 apic sep mtrr pge mca cmov pat pse36 clflush dts acpi mmx fxsr sse sse2 ss ht tm pbe syscall nx rdtscp lm constant_tsc arch_perfmon pebs bts rep_good nopl xtopology nonstop_tsc aperfmperf eagerfpu pni pclmulqdq dtes64 monitor ds_cpl vmx est tm2 ssse3 cx16 xtpr pdcm pcid sse4_1 sse4_2 x2apic popcnt tsc_deadline_timer xsave avx f16c lahf_lm ida arat epb pln pts dtherm tpr_shadow vnmi flexpriority ept vpid fsgsbase smep erms xsaveopt
bugs		:
bogomips	: 3591.86
clflush size	: 64
cache_alignment	: 64
address sizes	: 36 bits physical, 48 bits virtual
power management:

processor	: 2
vendor_id	: GenuineIntel
cpu family	: 6
model		: 58
model name	: Intel(R) Core(TM) i3-3217U CPU @ 1.80GHz
stepping	: 9
microcode	: 0x15
cpu MHz		: 1000.476
cache size	: 3072 KB
physical id	: 0
siblings	: 4
core id		: 0
cpu cores	: 2
apicid		: 1
initial apicid	: 1
fpu		: yes
fpu_exception	: yes
cpuid level	: 13
wp		: yes
flags		: fpu vme de pse tsc msr pae mce cx8 apic sep mtrr pge mca cmov pat pse36 clflush dts acpi mmx fxsr sse sse2 ss ht tm pbe syscall nx rdtscp lm constant_tsc arch_perfmon pebs bts rep_good nopl xtopology nonstop_tsc aperfmperf eagerfpu pni pclmulqdq dtes64 monitor ds_cpl vmx est tm2 ssse3 cx16 xtpr pdcm pcid sse4_1 sse4_2 x2apic popcnt tsc_deadline_timer xsave avx f16c lahf_lm ida arat epb pln pts dtherm tpr_shadow vnmi flexpriority ept vpid fsgsbase smep erms xsaveopt
bugs		:
bogomips	: 3591.86
clflush size	: 64
cache_alignment	: 64
address sizes	: 36 bits physical, 48 bits virtual
power management:

processor	: 3
vendor_id	: GenuineIntel
cpu family	: 6
model		: 58
model name	: Intel(R) Core(TM) i3-3217U CPU @ 1.80GHz
stepping	: 9
microcode	: 0x15
cpu MHz		: 1364.765
cache size	: 3072 KB
physical id	: 0
siblings	: 4
core id		: 1
cpu cores	: 2
apicid		: 3
initial apicid	: 3
fpu		: yes
fpu_exception	: yes
cpuid level	: 13
wp		: yes
flags		: fpu vme de pse tsc msr pae mce cx8 apic sep mtrr pge mca cmov pat pse36 clflush dts acpi mmx fxsr sse sse2 ss ht tm pbe syscall nx rdtscp lm constant_tsc arch_perfmon pebs bts rep_good nopl xtopology nonstop_tsc aperfmperf eagerfpu pni pclmulqdq dtes64 monitor ds_cpl vmx est tm2 ssse3 cx16 xtpr pdcm pcid sse4_1 sse4_2 x2apic popcnt tsc_deadline_timer xsave avx f16c lahf_lm ida arat epb pln pts dtherm tpr_shadow vnmi flexpriority ept vpid fsgsbase smep erms xsaveopt
bugs		:
bogomips	: 3591.86
clflush size	: 64
cache_alignment	: 64
address sizes	: 36 bits physical, 48 bits virtual
power management:



Memory: 4k page, physical 5994636k(45880k free), swap 7999484k(4k free)

vm_info: Java HotSpot(TM) 64-Bit Server VM (25.77-b03) for linux-amd64 JRE (1.8.0_77-b03), built on Mar 20 2016 22:00:46 by "java_re" with gcc 4.3.0 20080428 (Red Hat 4.3.0-8)

time: Tue Apr 26 04:07:49 2016
elapsed time: 9 seconds (0d 0h 0m 9s)

